<?xml version="1.0" encoding="UTF-8"?>
<testsuites name="SearchApp" time="10" tests="2" failures="0" errors="0">
   <testsuite name="SearchApp" tests="2" failures="0" errors="0" time="10" timestamp="2018-06-18 17:54:04" hostname="Siva - 192.168.99.1" id="Test Suites/SearchApp">
      <properties>
         <property name="deviceName" value=""/>
         <property name="devicePlatform" value=""/>
         <property name="logFolder" value="/Users/Siva/Work/code/dynamo-framework/dynamo-framework-modules/dynamo-apps/QA/v0.4.0/Katalon/DynamoAppTest/Dynamo-apps/Reports/SearchApp/20180618_175402"/>
         <property name="logFiles" value="/Users/Siva/Work/code/dynamo-framework/dynamo-framework-modules/dynamo-apps/QA/v0.4.0/Katalon/DynamoAppTest/Dynamo-apps/Reports/SearchApp/20180618_175402/execution0.log"/>
         <property name="attachments" value=""/>
         <property name="hostName" value="Siva - 192.168.99.1"/>
         <property name="os" value="Mac OS X 64bit"/>
         <property name="katalonVersion" value="5.4.2.1"/>
         <property name="browser" value="Chrome 62.0.3202.94"/>
         <property name="hostAddress" value="192.168.99.1"/>
         <property name="sessionId" value="24ce8959e5667ffc31973ccd728336d7"/>
         <property name="seleniumVersion" value="3.7.1"/>
         <property name="proxyInformation" value="ProxyInformation{proxyOption=NO_PROXY, proxyServerType=HTTP, password=, proxyServerAddress=, proxyServerPort=0}"/>
         <property name="platform" value="Mac OS X"/>
      </properties>
      <testcase name="Test Cases/SearchApp/SearchAppInvalidData" classname="Test Cases/SearchApp/SearchAppInvalidData" status="PASSED">
         <system-out><![CDATA[2018-06-18 17:54:05 - [TEST_CASE][PASSED] - Test Cases/SearchApp/SearchAppInvalidData: Test Cases/SearchApp/SearchAppInvalidData

2018-06-18 17:54:05 - [TEST_STEP][PASSED] - appmanage.startTest.openbrowser: appmanage.startTest.openbrowser is PASSED

2018-06-18 17:54:09 - [MESSAGE][PASSED] - Browser is opened with url: 'http://localhost:8080/'

2018-06-18 17:54:09 - [MESSAGE][PASSED] - Keys 'user' sent to object: 'Object Repository/Page_Login Page/input_username'

2018-06-18 17:54:10 - [MESSAGE][PASSED] - Keys '152feaf3-2269-48b0-b9d0-08ac4fd21f03' sent to object: 'Object Repository/Page_Login Page/input_password'

2018-06-18 17:54:10 - [MESSAGE][PASSED] - Object: 'Object Repository/Page_Login Page/input_Submit' is clicked on

2018-06-18 17:54:10 - [MESSAGE][PASSED] - Object: 'Object Repository/Page_dynamo apps/a_ManageApps Artifacts' is clicked on

2018-06-18 17:54:10 - [MESSAGE][PASSED] - appmanage.startTest.openbrowser is PASSED

2018-06-18 17:54:10 - [TEST_STEP][PASSED] - sendKeys: Keys '@pp Name' sent to object: 'Object Repository/Page_Dynamo/input_name'

2018-06-18 17:54:11 - [MESSAGE][PASSED] - Keys '@pp Name' sent to object: 'Object Repository/Page_Dynamo/input_name'

2018-06-18 17:54:11 - [TEST_STEP][PASSED] - click: Object: 'Object Repository/Page_Dynamo/button_Search' is clicked on

2018-06-18 17:54:11 - [MESSAGE][PASSED] - Object: 'Object Repository/Page_Dynamo/button_Search' is clicked on

2018-06-18 17:54:11 - [TEST_STEP][PASSED] - verifyTextNotPresent: Text '@pp Name' is not present on page

2018-06-18 17:54:11 - [MESSAGE][PASSED] - Text '@pp Name' is not present on page

2018-06-18 17:54:11 - [TEST_STEP][PASSED] - appmanage.startTest.closebrowser: appmanage.startTest.closebrowser is PASSED

2018-06-18 17:54:11 - [MESSAGE][PASSED] - Browser is closed

2018-06-18 17:54:11 - [MESSAGE][PASSED] - appmanage.startTest.closebrowser is PASSED]]></system-out>
         <system-err><![CDATA[]]></system-err>
      </testcase>
      <testcase name="Test Cases/SearchApp/SearchAppValidData" classname="Test Cases/SearchApp/SearchAppValidData" status="PASSED">
         <system-out><![CDATA[2018-06-18 17:54:11 - [TEST_CASE][PASSED] - Test Cases/SearchApp/SearchAppValidData: Test Cases/SearchApp/SearchAppValidData

2018-06-18 17:54:12 - [TEST_STEP][PASSED] - appmanage.startTest.openbrowser: appmanage.startTest.openbrowser is PASSED

2018-06-18 17:54:13 - [MESSAGE][PASSED] - Browser is opened with url: 'http://localhost:8080/'

2018-06-18 17:54:13 - [MESSAGE][PASSED] - Keys 'user' sent to object: 'Object Repository/Page_Login Page/input_username'

2018-06-18 17:54:14 - [MESSAGE][PASSED] - Keys '152feaf3-2269-48b0-b9d0-08ac4fd21f03' sent to object: 'Object Repository/Page_Login Page/input_password'

2018-06-18 17:54:14 - [MESSAGE][PASSED] - Object: 'Object Repository/Page_Login Page/input_Submit' is clicked on

2018-06-18 17:54:14 - [MESSAGE][PASSED] - Object: 'Object Repository/Page_dynamo apps/a_ManageApps Artifacts' is clicked on

2018-06-18 17:54:14 - [MESSAGE][PASSED] - appmanage.startTest.openbrowser is PASSED

2018-06-18 17:54:14 - [TEST_STEP][PASSED] - sendKeys: Keys 'dynamo' sent to object: 'Object Repository/Page_Dynamo/input_name'

2018-06-18 17:54:15 - [MESSAGE][PASSED] - Keys 'dynamo' sent to object: 'Object Repository/Page_Dynamo/input_name'

2018-06-18 17:54:15 - [TEST_STEP][PASSED] - click: Object: 'Object Repository/Page_Dynamo/button_Search' is clicked on

2018-06-18 17:54:15 - [MESSAGE][PASSED] - Object: 'Object Repository/Page_Dynamo/button_Search' is clicked on

2018-06-18 17:54:15 - [TEST_STEP][PASSED] - verifyTextPresent: Text 'dynamo' is present on page 

2018-06-18 17:54:15 - [MESSAGE][PASSED] - Text 'dynamo' is present on page 

2018-06-18 17:54:15 - [TEST_STEP][PASSED] - appmanage.startTest.closebrowser: appmanage.startTest.closebrowser is PASSED

2018-06-18 17:54:15 - [MESSAGE][PASSED] - Browser is closed

2018-06-18 17:54:15 - [MESSAGE][PASSED] - appmanage.startTest.closebrowser is PASSED]]></system-out>
         <system-err><![CDATA[]]></system-err>
      </testcase>
      <system-out><![CDATA[2018-06-18 17:54:04 - [TEST_SUITE][PASSED] - SearchApp: Test Cases/SearchApp/SearchAppValidData]]></system-out>
      <system-err><![CDATA[]]></system-err>
   </testsuite>
</testsuites>
